{"C:\\Users\\kolmy\\OneDrive\\Рабочий стол\\destructuring\\src\\index.js": {"path":"C:\\Users\\kolmy\\OneDrive\\Рабочий стол\\destructuring\\src\\index.js","statementMap":{"0":{"start":{"line":3,"column":4},"end":{"line":8,"column":8}},"1":{"start":{"line":3,"column":85},"end":{"line":8,"column":5}},"2":{"start":{"line":12,"column":20},"end":{"line":33,"column":3}},"3":{"start":{"line":35,"column":2},"end":{"line":35,"column":44}}},"fnMap":{"0":{"name":"getSpecialAttacks","decl":{"start":{"line":2,"column":16},"end":{"line":2,"column":33}},"loc":{"start":{"line":2,"column":47},"end":{"line":9,"column":3}},"line":2},"1":{"name":"(anonymous_1)","decl":{"start":{"line":3,"column":23},"end":{"line":3,"column":24}},"loc":{"start":{"line":3,"column":85},"end":{"line":8,"column":5}},"line":3}},"branchMap":{"0":{"loc":{"start":{"line":3,"column":42},"end":{"line":3,"column":77}},"type":"default-arg","locations":[{"start":{"line":3,"column":56},"end":{"line":3,"column":77}}],"line":3}},"s":{"0":2,"1":4,"2":1,"3":1},"f":{"0":2,"1":4},"b":{"0":[2]},"_coverageSchema":"1a1c01bbd47fc00a2c39e90264f33305004495a9","hash":"c9a5518c098673ae8e48a34ba3b042276f645ae0"}
}
